<?xml version="1.0" encoding="UTF-8"?>
<!-- Generated by org.testng.reporters.JUnitReportReporter -->
<testsuite name="com.crm.testcases.DocumentPageTest" tests="1" time="23.684" ignored="0" failures="0" timestamp="05 Jul 2020 14:27:59 GMT" skipped="0" hostname="Abhi" errors="0">
  <testcase name="beOnCompPage" time="23.684" classname="com.crm.testcases.DocumentPageTest"/>
</testsuite> <!-- com.crm.testcases.DocumentPageTest -->
