<?xml version="1.0" encoding="UTF-8"?>
<!-- Generated by org.testng.reporters.JUnitReportReporter -->
<testsuite skipped="0" hostname="Abhi" name="com.crm.testcases.CompanyPageTest" tests="1" failures="0" timestamp="29 Jun 2020 16:29:27 GMT" time="40.271" errors="0">
  <testcase name="beOnCompPage" time="40.271" classname="com.crm.testcases.CompanyPageTest"/>
</testsuite> <!-- com.crm.testcases.CompanyPageTest -->
