<?xml version="1.0" encoding="UTF-8"?>
<!-- Generated by org.testng.reporters.JUnitReportReporter -->
<testsuite name="com.crm.testcases.HomePageTest" tests="1" time="22.048" ignored="0" failures="0" timestamp="05 Jul 2020 13:59:13 GMT" skipped="0" hostname="Abhi" errors="0">
  <testcase name="verifyHomePageTitle" time="22.048" classname="com.crm.testcases.HomePageTest"/>
</testsuite> <!-- com.crm.testcases.HomePageTest -->
