<?xml version="1.0" encoding="UTF-8"?>
<!-- Generated by org.testng.reporters.JUnitReportReporter -->
<testsuite skipped="0" hostname="Abhi" name="com.crm.testcases.ContactPageTest" tests="3" failures="0" timestamp="05 Jul 2020 13:23:08 GMT" time="142.115" errors="0">
  <testcase name="validateCreateNewContact" time="46.879" classname="com.crm.testcases.ContactPageTest"/>
  <testcase name="validateCreateNewContact" time="49.130" classname="com.crm.testcases.ContactPageTest"/>
  <testcase name="validateCreateNewContact" time="46.106" classname="com.crm.testcases.ContactPageTest"/>
</testsuite> <!-- com.crm.testcases.ContactPageTest -->
