<?xml version="1.0" encoding="UTF-8"?>
<!-- Generated by org.testng.reporters.JUnitReportReporter -->
<testsuite name="com.crm.testcases.LoginPageTest" tests="2" time="36.326" ignored="0" failures="0" timestamp="05 Jul 2020 13:59:13 GMT" skipped="0" hostname="Abhi" errors="0">
  <testcase name="loginPageTitleTest" time="15.813" classname="com.crm.testcases.LoginPageTest"/>
  <testcase name="loginTest" time="20.513" classname="com.crm.testcases.LoginPageTest"/>
</testsuite> <!-- com.crm.testcases.LoginPageTest -->
