<?xml version="1.0" encoding="UTF-8"?>
<!-- Generated by org.testng.reporters.JUnitReportReporter -->
<testsuite skipped="0" hostname="Abhi" name="com.crm.testcases.HomePageTest" tests="1" failures="0" timestamp="05 Jul 2020 13:14:56 GMT" time="30.485" errors="0">
  <testcase name="verifyHomePageTitle" time="30.485" classname="com.crm.testcases.HomePageTest"/>
</testsuite> <!-- com.crm.testcases.HomePageTest -->
