<?xml version="1.0" encoding="UTF-8"?>
<!-- Generated by org.testng.reporters.JUnitReportReporter -->
<testsuite name="com.crm.testcases.HomePageTest" tests="1" time="16.658" ignored="0" failures="0" timestamp="05 Jul 2020 16:06:57 GMT" skipped="0" hostname="Abhi" errors="0">
  <testcase name="verifyHomePageTitle" time="16.658" classname="com.crm.testcases.HomePageTest"/>
</testsuite> <!-- com.crm.testcases.HomePageTest -->
