<?xml version="1.0" encoding="UTF-8"?>
<!-- Generated by org.testng.reporters.JUnitReportReporter -->
<testsuite skipped="0" hostname="Abhi" name="com.crm.testcases.LoginPageTest" tests="2" failures="0" timestamp="05 Jul 2020 13:13:21 GMT" time="46.773" errors="0">
  <testcase name="loginPageTitleTest" time="21.841" classname="com.crm.testcases.LoginPageTest"/>
  <testcase name="loginTest" time="24.932" classname="com.crm.testcases.LoginPageTest"/>
</testsuite> <!-- com.crm.testcases.LoginPageTest -->
