<?xml version="1.0" encoding="UTF-8"?>
<!-- Generated by org.testng.reporters.JUnitReportReporter -->
<testsuite skipped="0" hostname="Abhi" name="com.crm.testcases.LoginPageTest" tests="2" failures="0" timestamp="28 Jun 2020 19:49:21 GMT" time="43.601" errors="0">
  <testcase name="loginPageTitleTest" time="17.752" classname="com.crm.testcases.LoginPageTest"/>
  <testcase name="loginTest" time="25.849" classname="com.crm.testcases.LoginPageTest"/>
</testsuite> <!-- com.crm.testcases.LoginPageTest -->
