<?xml version="1.0" encoding="UTF-8"?>
<!-- Generated by org.testng.reporters.JUnitReportReporter -->
<testsuite skipped="0" hostname="Abhi" name="com.crm.testcases.HomePageTest" tests="1" failures="0" timestamp="28 Jun 2020 19:49:21 GMT" time="28.546" errors="0">
  <testcase name="verifyHomePageTitle" time="28.546" classname="com.crm.testcases.HomePageTest"/>
</testsuite> <!-- com.crm.testcases.HomePageTest -->
